===== 2026-05-24 22:36:56 +0800 daily_us_market_report start =====
From github.com:wisdom925/reports
 * branch            main       -> FETCH_HEAD
Already up to date.
Error: timed out waiting for response
===== 2026-05-24 22:42:20 +0800 daily_us_market_report end =====
===== 2026-05-26 08:00:10 +0800 daily_us_market_report start =====
來自 github.com:wisdom925/reports
 * branch            main       -> FETCH_HEAD
已經是最新的。
已讀取並執行 `daily_report_prompt.md` 中的美股收盤日報格式與指令。

### 市場日期與發布狀態說明
1. **最新交易日判定**：今天是 2026 年 5 月 26 日（星期二）。由於昨日 5 月 25 日（星期一）為美國陣亡將士紀念日（Memorial Day），美股休市一天。因此，最新可用的美股收盤資料為 **2026 年 5 月 22 日（星期五）**。
2. **報告生成與發布**：本週五的收盤日報已完整編寫完成。經執行發布指令更新了 `reports/manifest.json` 與日誌，並已成功推送至 GitHub Pages。

最新日報已發布，您可以點擊下方連結查看具備 Chart.js 動態圖表、分頁標籤與可排序篩選表格的 HTML 互動報告：
👉 **[美股收盤日報｜2026-05-22 互動報告連結](https://wisdom925.github.io/reports/reports/2026-05-22-us-stock-closing-daily-report.html)**

---

### 2026-05-22 收盤核心重點摘要

#### 1. 大盤與宏觀表現
* **指數收盤**：
  * **道瓊工業指數**：50,579.70 (+0.58%)，再創歷史新高。
  * **標普 500 指數**：7,473.47 (+0.37%)，錄得**連續第八週上漲**。
  * **納斯達克綜合指數**：26,343.97 (+0.19%)。
  * **費城半導體指數 (SOX)**：12,202.54 (+1.99%)。
  * **羅素 2000 指數**：2,869.23 (+0.90%)，小盤股表現跑贏標普 500。
  * **VIX 恐慌指數**：收於 16.70 左右，市場波動偏向緩和。
* **宏觀大事記**：新任聯準會主席**凱文·沃什 (Kevin Warsh)** 於 5 月 22 日正式宣誓就職。美債收益率自高點回落，10 年期美債收益率收於 4.56%，2 年期收於 4.13%。此外，美伊外交談判出現正面進展，亦舒緩了地緣政治溢價。

#### 2. 板塊與個股異動
* **AI 基礎設施與硬體狂飆**：**戴爾 (DELL)** 暴漲 **+16.77%**，主要因強勁的 AI 伺服器積壓訂單（Backlog）引發分析師紛紛上調評級，推動 AI 伺服器板塊。
* **軟體/SaaS 板塊集體爆發**：Workday 與 Zoom 等公司財報大捷，帶動軟體板塊大幅補漲，與 AI 硬體板塊形成良性共振。
* **大型科技七巨頭分化**：
  * **NVIDIA (NVDA)**：收 $215.33 (-1.90%)，在公布驚人的 Q1 財報（營收 816 億美元，資料中心 752 億美元）後呈現高位利多兌現的整理。
  * **Tesla (TSLA)**：大漲 **+1.95%** 收 $426.01。
  * **Apple (AAPL)**：上漲 **+1.26%** 收 $308.82。
  * **Alphabet (GOOGL)**：下跌 **-1.21%** 收 $382.97，拖累通訊服務板塊（XLC -0.55%）成為當天唯一收跌的 S&P 500 板塊。
* **板塊輪動特徵**：防守型與利率敏感型板塊（如醫療 XLV +1.17%、科技 XLK +1.00%、公用事業 XLU +0.78%）領漲，資金呈現良性的 Risk-On 輪動，寬度明顯改善。

詳細的 15 個完整章節（含時間線走勢復盤、技術指標、風險提示矩陣與明日操作觀察清單）已完整呈現於發布連結中。
===== 2026-05-26 13:42:55 +0800 daily_us_market_report start =====
來自 github.com:wisdom925/reports
 * branch            main       -> FETCH_HEAD
已經是最新的。
已讀取並執行 `daily_report_prompt.md` 中的美股收盤日報格式與指令。
使用 2026-05-22 美股收盤數據，已成功更新並重新發布最新日報。
發布連結：https://wisdom925.github.io/reports/reports/2026-05-22-us-stock-closing-daily-report.html
===== 2026-05-26 13:43:55 +0800 daily_us_market_report end =====
